number,value,datetime_start,datetime_complete,duration,params_rf__ccp_alpha,params_rf__max_features,params_rf__min_samples_leaf,params_rf__n_estimators,user_attrs_mean_fit_time,user_attrs_mean_score_time,user_attrs_mean_test_score,user_attrs_split0_test_score,user_attrs_split1_test_score,user_attrs_split2_test_score,user_attrs_std_fit_time,user_attrs_std_score_time,user_attrs_std_test_score,state
291,0.9273532204392131,2023-09-04 01:07:13.158871,2023-09-04 01:13:33.888398,0 days 00:06:20.729527,0.0,6,11,500,125.55863412221272,1.281854470570882,0.9273532204392131,0.9205095066592954,0.9264041044677191,0.9351460501906246,3.0765479400217455,0.37754381664510717,0.0060129148495346755,COMPLETE
292,0.9274593277291111,2023-09-04 01:07:27.175823,2023-09-04 01:10:53.509786,0 days 00:03:26.333963,0.0,3,11,500,67.64261094729106,1.0698455174763997,0.9274593277291111,0.9204341705732891,0.926070430305787,0.9358733823082571,2.5881825900441178,0.1178309444792394,0.006379085189830934,COMPLETE
293,0.9273532204392131,2023-09-04 01:09:04.685667,2023-09-04 01:15:29.435321,0 days 00:06:24.749654,0.0,6,11,500,127.16198563575745,1.0288705031077068,0.9273532204392131,0.9205095066592954,0.9264041044677191,0.9351460501906246,7.089598019550278,0.13632658538039732,0.0060129148495346755,COMPLETE
294,0.9273532204392131,2023-09-04 01:09:50.601767,2023-09-04 01:16:02.744991,0 days 00:06:12.143224,0.0,6,11,500,123.02070148785909,0.9590115547180176,0.9273532204392131,0.9205095066592954,0.9264041044677191,0.9351460501906246,8.78726344367063,0.21820173166292928,0.0060129148495346755,COMPLETE
295,0.9273532204392131,2023-09-04 01:10:36.318079,2023-09-04 01:16:32.626502,0 days 00:05:56.308423,0.0,6,11,500,117.8131075700124,0.8910122712453207,0.9273532204392131,0.9205095066592954,0.9264041044677191,0.9351460501906246,12.434220980545055,0.17978720321301414,0.0060129148495346755,COMPLETE
296,0.9271900213167864,2023-09-04 01:10:53.517782,2023-09-04 01:15:15.718113,0 days 00:04:22.200331,0.0,4,11,500,86.24522018432617,1.0898679097493489,0.9271900213167864,0.9207495672305611,0.9256774936227629,0.935143003097035,1.3225829574570676,0.055196525987233756,0.005972635042673952,COMPLETE
297,0.9271900213167864,2023-09-04 01:10:53.759388,2023-09-04 01:15:15.949718,0 days 00:04:22.190330,0.0,4,11,500,85.93242383003235,1.3584849834442139,0.9271900213167864,0.9207495672305611,0.9256774936227629,0.935143003097035,1.3856652766888913,0.23313002150614337,0.005972635042673952,COMPLETE
298,0.9261675887928646,2023-09-04 01:12:25.192269,2023-09-04 01:18:13.539737,0 days 00:05:48.347468,0.0,7,11,500,115.35921080907185,0.6882584889729818,0.9261675887928646,0.9202725566246648,0.9230373843632086,0.9351928253907204,14.121711171016143,0.1536127045898978,0.00648085590239498,COMPLETE
299,0.9271900213167864,2023-09-04 01:13:25.410610,2023-09-04 01:17:06.378989,0 days 00:03:40.968379,0.0,4,11,500,72.79888288180034,0.781210740407308,0.9271900213167864,0.9207495672305611,0.9256774936227629,0.935143003097035,6.099785682751916,0.12528644002467973,0.005972635042673952,COMPLETE
