number,value,datetime_start,datetime_complete,duration,params_rf__ccp_alpha,params_rf__class_weight,params_rf__max_features,params_rf__min_samples_leaf,params_rf__n_estimators,user_attrs_mean_fit_time,user_attrs_mean_score_time,user_attrs_mean_test_score,user_attrs_split0_test_score,user_attrs_split1_test_score,user_attrs_split2_test_score,user_attrs_std_fit_time,user_attrs_std_score_time,user_attrs_std_test_score,state
144,0.9273821235119221,2023-09-05 06:08:06.874795,2023-09-05 06:19:40.610202,0 days 00:11:33.735407,0.0,,4,6,900,226.77117466926575,4.349711497624715,0.9273821235119221,0.9196556387065677,0.9263641805420622,0.9361265512871362,19.797589007000553,2.548443707109595,0.006762637366520905,COMPLETE
145,0.9273821235119221,2023-09-05 06:08:26.269808,2023-09-05 06:19:20.682811,0 days 00:10:54.413003,0.0,,4,6,900,215.10092854499817,2.9303473631540933,0.9273821235119221,0.9196556387065677,0.9263641805420622,0.9361265512871362,11.010195965822398,0.2225975004946146,0.006762637366520905,COMPLETE
146,0.9273821235119221,2023-09-05 06:11:39.251857,2023-09-05 06:21:57.250337,0 days 00:10:17.998480,0.0,,4,6,900,203.5080051422119,2.3956159750620523,0.9273821235119221,0.9196556387065677,0.9263641805420622,0.9361265512871362,27.1375369863277,0.38709835512998064,0.006762637366520905,COMPLETE
147,0.9273821235119221,2023-09-05 06:12:24.940960,2023-09-05 06:22:09.122629,0 days 00:09:44.181669,0.0,,4,6,900,191.61437463760376,3.038945039113363,0.9273821235119221,0.9196556387065677,0.9263641805420622,0.9361265512871362,19.959714527274183,1.213871442995288,0.006762637366520905,COMPLETE
148,0.9273821235119221,2023-09-05 06:13:40.049916,2023-09-05 06:22:53.973974,0 days 00:09:13.924058,0.0,,4,6,900,182.57927163441977,1.9792133172353108,0.9273821235119221,0.9196556387065677,0.9263641805420622,0.9361265512871362,20.82615452255376,0.3943901783448418,0.006762637366520905,COMPLETE
149,0.9273821235119221,2023-09-05 06:14:15.404063,2023-09-05 06:23:20.528779,0 days 00:09:05.124716,0.0,,4,6,900,179.64686131477356,1.9179874261220295,0.9273821235119221,0.9196556387065677,0.9263641805420622,0.9361265512871362,25.683097292561794,0.38733871010937526,0.006762637366520905,COMPLETE
