number,value,datetime_start,datetime_complete,duration,params_rf__ccp_alpha,params_rf__max_features,params_rf__min_samples_leaf,params_rf__n_estimators,user_attrs_mean_fit_time,user_attrs_mean_score_time,user_attrs_mean_test_score,user_attrs_split0_test_score,user_attrs_split1_test_score,user_attrs_split2_test_score,user_attrs_std_fit_time,user_attrs_std_score_time,user_attrs_std_test_score,state
0,0.9729433492229549,2023-09-04 02:35:53.853341,2023-09-04 02:37:45.849882,0 days 00:01:51.996541,0.005,7,41,100,36.40365767478943,0.8320246537526449,0.9729433492229549,0.9688929931578776,0.9767099217422319,0.973227132768755,3.5962783712055186,0.2930142461965851,0.003197550411265286,COMPLETE
1,0.9724878339407882,2023-09-04 02:35:53.885346,2023-09-04 02:37:00.266093,0 days 00:01:06.380747,0.005,4,31,100,21.602850437164307,0.416640837987264,0.9724878339407882,0.9667280905443321,0.9781814510207079,0.9725539602573248,3.3006277132121147,0.03309150572715785,0.004676048621628866,COMPLETE
2,0.9735132911110148,2023-09-04 02:35:53.949783,2023-09-04 02:41:31.708826,0 days 00:05:37.759043,0.01,5,31,500,110.30809728304546,2.197640816370646,0.9735132911110148,0.9680176240627427,0.9784353167026834,0.9740869325676182,3.906789662687265,0.24421041056736867,0.00427230448162885,COMPLETE
3,0.9758818280412261,2023-09-04 02:35:53.965350,2023-09-04 02:40:44.140589,0 days 00:04:50.175239,0.0025,4,51,500,95.4917094707489,1.1103639602661133,0.9758818280412261,0.9699475882280595,0.9798090237710594,0.9778888721245599,0.972021158990399,0.20445123456927305,0.004268734957534751,COMPLETE
4,0.9765869343432362,2023-09-04 02:35:53.977181,2023-09-04 02:38:29.101355,0 days 00:02:35.124174,0.0,3,31,300,50.281125704447426,1.3621825377146404,0.9765869343432362,0.9709020585233252,0.9790817825147389,0.9797769619916444,2.203501556705258,0.7179428892593415,0.004029820379961852,COMPLETE
5,0.9717652199067253,2023-09-04 02:35:54.069001,2023-09-04 02:37:42.056462,0 days 00:01:47.987461,0.01,6,1,100,35.54967578252157,0.3876172701517741,0.9717652199067253,0.9679942353357938,0.9758932505297611,0.9714081738546212,2.720060728921571,0.01913511099934779,0.0032346274047277755,COMPLETE
6,0.975751960049052,2023-09-04 02:35:54.072031,2023-09-04 02:41:31.230071,0 days 00:05:37.158040,0.0025,5,31,500,110.42931405703227,1.8407484690348308,0.975751960049052,0.9714428899846843,0.9792189434152277,0.976594046747244,2.0695534011967958,0.14779620825028236,0.003229920973658698,COMPLETE
7,0.9734387577774068,2023-09-04 02:35:54.075212,2023-09-04 02:40:55.051168,0 days 00:05:00.975956,0.005,7,31,300,99.23353290557861,0.9697135289510092,0.9734387577774068,0.9691967838135293,0.9776994209344775,0.9734200685842139,3.1698400265907587,0.3490250095881016,0.0034712122250580182,COMPLETE
8,0.9740160981081157,2023-09-04 02:37:00.320611,2023-09-04 02:38:30.158243,0 days 00:01:29.837632,0.005,7,51,100,29.311303933461506,0.6038983662923177,0.9740160981081157,0.9699772840274441,0.9786293875752679,0.9734416227216356,2.808301491777177,0.257917213998418,0.003555487817240631,COMPLETE
9,0.9721088365611233,2023-09-04 02:37:42.067463,2023-09-04 02:41:39.198401,0 days 00:03:57.130938,0.0,5,1,300,78.21217250823975,0.8161373933156332,0.9721088365611233,0.9671191290353438,0.9748581184566645,0.9743492621913618,2.9643017290275764,0.020771091926689682,0.0035343664749900323,COMPLETE
10,0.9765887737746225,2023-09-04 02:37:45.860883,2023-09-04 02:44:00.573978,0 days 00:06:14.713095,0.0,5,21,500,122.56684533754985,2.323173761367798,0.9765887737746225,0.9717634995001645,0.9786490569204624,0.9793537649032403,2.6203705471117322,0.5591327739897717,0.0034240918214963056,COMPLETE
11,0.9729169338437901,2023-09-04 02:38:29.112357,2023-09-04 02:40:11.332534,0 days 00:01:42.220177,0.0075,6,11,100,33.62874801953634,0.4334727128346761,0.9729169338437901,0.9685747487945608,0.9776055325934164,0.9725705201433928,0.06016727296509186,0.031079153942201357,0.0036949303867403025,COMPLETE
12,0.9767514716116416,2023-09-04 02:38:30.164244,2023-09-04 02:40:35.993924,0 days 00:02:05.829680,0.0,3,41,300,40.86583924293518,1.065049171447754,0.9767514716116416,0.9697762460935568,0.9801323878060549,0.980345780935313,1.64637516378876,0.4029991194971911,0.004932998576120422,COMPLETE
13,0.9717823930471057,2023-09-04 02:40:11.338537,2023-09-04 02:41:29.973033,0 days 00:01:18.634496,0.01,5,31,100,25.48340717951457,0.7174263000488281,0.9717823930471057,0.9669546195626467,0.9743831693347039,0.9740093902439664,0.8177700467921815,0.2843125936329987,0.003417160157704235,COMPLETE
14,0.9733918137827601,2023-09-04 02:40:36.012450,2023-09-04 02:44:28.748856,0 days 00:03:52.736406,0.005,3,11,500,76.68165755271912,0.885805606842041,0.9733918137827601,0.9651098008752115,0.9775108574785472,0.9775547829945215,3.744298469154139,0.01023518262303523,0.005856294944379032,COMPLETE
15,0.9740912568461715,2023-09-04 02:40:44.150587,2023-09-04 02:46:12.642733,0 days 00:05:28.492146,0.005,5,51,500,108.50338768959045,0.9833278656005859,0.9740912568461715,0.9684288977444858,0.9796175754778341,0.9742272973161945,1.0824859420921147,0.012827004306246153,0.004568771360172165,COMPLETE
16,0.9733362043421171,2023-09-04 02:40:55.082169,2023-09-04 02:42:30.402500,0 days 00:01:35.320331,0.005,5,1,100,31.25892400741577,0.5028493404388428,0.9733362043421171,0.9680996160044066,0.9785554308373371,0.9733535661846077,1.4024298546231346,0.04989909077736471,0.004268586185168194,COMPLETE
17,0.9767008949520278,2023-09-04 02:41:29.980030,2023-09-04 02:45:31.144327,0 days 00:04:01.164297,0.0,3,21,500,79.03443805376689,1.3088126977284749,0.9767008949520278,0.9710770797834152,0.9794510416885216,0.9795745633841467,1.3270000693672204,0.022207849136763866,0.003976957563293903,COMPLETE
18,0.9762582180372871,2023-09-04 02:41:31.243072,2023-09-04 02:43:52.168866,0 days 00:02:20.925794,0.0,3,21,300,46.13221796353658,0.8052854537963867,0.9762582180372871,0.9705730395779306,0.9788473239200217,0.9793542906139092,2.4941171147757384,0.013951995647941726,0.0040253525223038315,COMPLETE
19,0.9766376968129853,2023-09-04 02:41:31.737353,2023-09-04 02:44:01.233226,0 days 00:02:29.495873,0.0,3,11,300,47.836352030436196,1.9565579891204834,0.9766376968129853,0.97220762251751,0.9787927742693494,0.9789126936520962,2.192493180034164,0.1565769752296155,0.00313291811385297,COMPLETE
20,0.9762582180372871,2023-09-04 02:41:39.205402,2023-09-04 02:43:59.714270,0 days 00:02:20.508868,0.0,3,21,300,45.390281438827515,1.4071604410807292,0.9762582180372871,0.9705730395779306,0.9788473239200217,0.9793542906139092,1.6763230648335752,0.68857020060288,0.0040253525223038315,COMPLETE
21,0.9762582180372871,2023-09-04 02:42:30.413501,2023-09-04 02:44:54.337052,0 days 00:02:23.923551,0.0,3,21,300,46.61860680580139,1.3153995672861736,0.9762582180372871,0.9705730395779306,0.9788473239200217,0.9793542906139092,0.35169329093866114,0.43288622142115246,0.0040253525223038315,COMPLETE
22,0.9767514716116416,2023-09-04 02:43:52.175163,2023-09-04 02:45:56.279575,0 days 00:02:04.104412,0.0,3,41,300,40.52284280459086,0.8007705211639404,0.9767514716116416,0.9697762460935568,0.9801323878060549,0.980345780935313,1.1780274829497916,0.02068604645824187,0.004932998576120422,COMPLETE
23,0.975485406334828,2023-09-04 02:43:59.729273,2023-09-04 02:46:06.447444,0 days 00:02:06.718171,0.0025,3,41,300,41.57029787699381,0.6295801003774008,0.975485406334828,0.968151386557316,0.9798074502234437,0.9784973822237246,0.3899406099962079,0.00397862157311992,0.0052134412252481865,COMPLETE
24,0.9750570553855589,2023-09-04 02:44:00.589981,2023-09-04 02:52:15.059822,0 days 00:08:14.469841,0.0025,8,41,500,163.80062913894653,0.9644705454508463,0.9750570553855589,0.9720381199458012,0.9773159998321549,0.9758170463787208,3.5449162213778354,0.04518097962254374,0.0022206896460273177,COMPLETE
25,0.9759177773634996,2023-09-04 02:44:01.247229,2023-09-04 02:47:00.096672,0 days 00:02:58.849443,0.0025,4,11,300,58.64470903078715,0.9280363718668619,0.9759177773634996,0.9708345202893264,0.9789928770744603,0.977925934726712,0.538141482071169,0.25120881375452747,0.0036207014380230467,COMPLETE
26,0.9758936552384276,2023-09-04 02:44:28.768857,2023-09-04 02:47:07.107548,0 days 00:02:38.338691,0.0025,4,41,300,51.787826220194496,0.9485539595286051,0.9758936552384276,0.9699462742546354,0.9794646791011896,0.9782700123594579,1.0377955013103362,0.3217216459236569,0.004233620403447459,COMPLETE
27,0.9758936552384276,2023-09-04 02:44:54.346055,2023-09-04 02:47:44.071459,0 days 00:02:49.725404,0.0025,4,41,300,55.7852087020874,0.7444117069244385,0.9758936552384276,0.9699462742546354,0.9794646791011896,0.9782700123594579,1.3447406110355877,0.046816189155106575,0.004233620403447459,COMPLETE
28,0.9759177773634996,2023-09-04 02:45:31.149329,2023-09-04 02:48:43.550872,0 days 00:03:12.401543,0.0025,4,11,300,63.213696241378784,0.8702981472015381,0.9759177773634996,0.9708345202893264,0.9789928770744603,0.977925934726712,2.4978187723006875,0.23415348964866564,0.0036207014380230467,COMPLETE
29,0.9758936552384276,2023-09-04 02:45:56.300574,2023-09-04 02:48:34.303245,0 days 00:02:38.002671,0.0025,4,41,300,51.64399480819702,0.970871369043986,0.9758936552384276,0.9699462742546354,0.9794646791011896,0.9782700123594579,1.197536603296884,0.3599957666807488,0.004233620403447459,COMPLETE
30,0.9758936552384276,2023-09-04 02:46:06.456445,2023-09-04 02:48:43.087725,0 days 00:02:36.631280,0.0025,4,41,300,51.42596848805746,0.7409389813741049,0.9758936552384276,0.9699462742546354,0.9794646791011896,0.9782700123594579,1.8101851290591318,0.0450939409928783,0.004233620403447459,COMPLETE
31,0.9758936552384276,2023-09-04 02:46:12.647732,2023-09-04 02:49:03.641120,0 days 00:02:50.993388,0.0025,4,41,300,56.15422590573629,0.803154468536377,0.9758936552384276,0.9699462742546354,0.9794646791011896,0.9782700123594579,1.842442833553642,0.21424734521488717,0.004233620403447459,COMPLETE
32,0.9759796798109269,2023-09-04 02:47:00.117672,2023-09-04 02:51:09.299756,0 days 00:04:09.182084,0.0025,4,41,500,82.12804436683655,0.8663194179534912,0.9759796798109269,0.9702337716398284,0.9795729916287268,0.9781322761642257,0.2187720904197853,0.015952685104319717,0.004105322626009333,COMPLETE
33,0.9750570553855589,2023-09-04 02:47:07.117550,2023-09-04 02:54:37.707227,0 days 00:07:30.589677,0.0025,8,41,500,149.05546538035074,1.0965757369995117,0.9750570553855589,0.9720381199458012,0.9773159998321549,0.9758170463787208,0.35389640304595044,0.3635106624462306,0.0022206896460273177,COMPLETE
34,0.9760796301343658,2023-09-04 02:47:44.079459,2023-09-04 02:55:51.055920,0 days 00:08:06.976461,0.0,8,41,500,160.8908056418101,1.3879954814910889,0.9760796301343658,0.9713548537652696,0.9770655435033464,0.9798184931344815,2.9791737099143685,0.32567998162486,0.003524894014611819,COMPLETE
35,0.975880640462564,2023-09-04 02:48:34.311246,2023-09-04 02:55:45.151350,0 days 00:07:10.840104,0.0,8,51,500,142.4648129940033,1.0996979872385662,0.975880640462564,0.971440524832521,0.9764906741077986,0.9797107224473725,3.42632869636635,0.08138386716198627,0.0034037379387385673,COMPLETE
36,0.9729442172379028,2023-09-04 02:48:43.097726,2023-09-04 02:55:55.050104,0 days 00:07:11.952378,0.0075,8,51,500,142.72819526990256,1.2154196898142497,0.9729442172379028,0.9705885444643351,0.9763181083859598,0.9719259988634135,2.2716508061630303,0.5722691581316429,0.0024473866574513895,COMPLETE
37,0.9729442172379028,2023-09-04 02:48:43.560883,2023-09-04 02:56:32.570048,0 days 00:07:49.009165,0.0075,8,51,500,155.3097243309021,0.9643086592356364,0.9729442172379028,0.9705885444643351,0.9763181083859598,0.9719259988634135,2.1627468739006916,0.04927757748522457,0.0024473866574513895,COMPLETE
38,0.9767008949520278,2023-09-04 02:49:03.652123,2023-09-04 02:52:52.095255,0 days 00:03:48.443132,0.0,3,21,500,74.83428772290547,1.2657283147176106,0.9767008949520278,0.9710770797834152,0.9794510416885216,0.9795745633841467,2.1120364038163504,0.06096208316350782,0.003976957563293903,COMPLETE
39,0.975362220608632,2023-09-04 02:51:09.305758,2023-09-04 02:56:01.218701,0 days 00:04:51.912943,0.0,8,21,300,96.41180594762166,0.8418170611063639,0.975362220608632,0.9711433040439899,0.9771888047332311,0.9777545530486751,3.709918552511333,0.13805885481574973,0.0029921520152632573,COMPLETE
40,0.9762582180372871,2023-09-04 02:52:15.066822,2023-09-04 02:54:36.680777,0 days 00:02:21.613955,0.0,3,21,300,46.298462549845375,0.8574201265970866,0.9762582180372871,0.9705730395779306,0.9788473239200217,0.9793542906139092,0.6404477273989296,0.05265649195793121,0.0040253525223038315,COMPLETE
41,0.9767008949520278,2023-09-04 02:52:52.103259,2023-09-04 02:56:40.172191,0 days 00:03:48.068932,0.0,3,21,500,74.72116549809773,1.2427887916564941,0.9767008949520278,0.9710770797834152,0.9794510416885216,0.9795745633841467,1.8840595729026157,0.08269537082431742,0.003976957563293903,COMPLETE
42,0.9767008949520278,2023-09-04 02:54:36.688771,2023-09-04 02:58:26.942799,0 days 00:03:50.254028,0.0,3,21,500,74.93816431363423,1.762292782465617,0.9767008949520278,0.9710770797834152,0.9794510416885216,0.9795745633841467,2.2753000586502043,0.6208207944699511,0.003976957563293903,COMPLETE
43,0.9768664850832097,2023-09-04 02:54:37.719232,2023-09-04 02:57:59.683022,0 days 00:03:21.963790,0.0,3,31,500,66.09461100896199,1.1781367460886638,0.9768664850832097,0.9707556818838805,0.979610494513564,0.9802332788521844,3.134689426494872,0.04512312777767974,0.004328464076228876,COMPLETE
44,0.9720510224532041,2023-09-04 02:55:45.161345,2023-09-04 02:59:14.822399,0 days 00:03:29.661054,0.0075,3,31,500,67.899232228597,1.9397663275400798,0.9720510224532041,0.9638688843734923,0.9762074355369993,0.9760767474491204,2.5930470500963825,0.746269064796669,0.005785891317718752,COMPLETE
45,0.9720510224532041,2023-09-04 02:55:51.064917,2023-09-04 02:59:32.683585,0 days 00:03:41.618668,0.0075,3,31,500,72.14830350875854,1.6688872973124187,0.9720510224532041,0.9638688843734923,0.9762074355369993,0.9760767474491204,1.6687915639210775,0.5919945421283745,0.005785891317718752,COMPLETE
46,0.9768664850832097,2023-09-04 02:55:55.056102,2023-09-04 02:59:21.321825,0 days 00:03:26.265723,0.0,3,31,500,67.41320061683655,1.2828481197357178,0.9768664850832097,0.9707556818838805,0.979610494513564,0.9802332788521844,2.118498217194691,0.10563245095524318,0.004328464076228876,COMPLETE
47,0.9768664850832097,2023-09-04 02:56:01.224222,2023-09-04 02:59:28.489753,0 days 00:03:27.265531,0.0,3,31,500,67.65391373634338,1.385746717453003,0.9768664850832097,0.9707556818838805,0.979610494513564,0.9802332788521844,2.489501634698383,0.18003175915245126,0.004328464076228876,COMPLETE
48,0.9765869343432362,2023-09-04 02:56:32.587050,2023-09-04 02:58:48.878177,0 days 00:02:16.291127,0.0,3,31,300,44.01805329322815,1.364142656326294,0.9765869343432362,0.9709020585233252,0.9790817825147389,0.9797769619916444,1.3387718918948917,0.6897350418951642,0.004029820379961852,COMPLETE
49,0.9768664850832097,2023-09-04 02:56:40.183184,2023-09-04 03:00:21.700640,0 days 00:03:41.517456,0.0,3,31,500,71.80371268590291,1.979915459950765,0.9768664850832097,0.9707556818838805,0.979610494513564,0.9802332788521844,3.0735136701116113,0.9868613831888874,0.004328464076228876,COMPLETE
50,0.9768664850832097,2023-09-04 02:57:59.694027,2023-09-04 03:01:30.956797,0 days 00:03:31.262770,0.0,3,31,500,68.77020072937012,1.598878304163615,0.9768664850832097,0.9707556818838805,0.979610494513564,0.9802332788521844,1.9415813403216706,0.5629948678711817,0.004328464076228876,COMPLETE
51,0.9768664850832097,2023-09-04 02:58:26.951799,2023-09-04 03:02:11.570455,0 days 00:03:44.618656,0.0,3,31,500,73.08327110608418,1.7330594857533772,0.9768664850832097,0.9707556818838805,0.979610494513564,0.9802332788521844,3.181602164118078,0.7382316876484892,0.004328464076228876,COMPLETE
52,0.9768664850832097,2023-09-04 02:58:48.884695,2023-09-04 03:02:33.931009,0 days 00:03:45.046314,0.0,3,31,500,73.49566586812337,1.464922269185384,0.9768664850832097,0.9707556818838805,0.979610494513564,0.9802332788521844,2.890916903822785,0.21460364658341982,0.004328464076228876,COMPLETE
53,0.9768664850832097,2023-09-04 02:59:14.829398,2023-09-04 03:02:42.727814,0 days 00:03:27.898416,0.0,3,31,500,67.4606618086497,1.7859654426574707,0.9768664850832097,0.9707556818838805,0.979610494513564,0.9802332788521844,0.9181102700333742,0.6670103198484763,0.004328464076228876,COMPLETE
54,0.9765654043504172,2023-09-04 02:59:21.330834,2023-09-04 03:05:35.220666,0 days 00:06:13.889832,0.0,6,31,500,122.9508143266042,1.6277720133463542,0.9765654043504172,0.9722914540219676,0.9778706753666366,0.9795340836626474,1.4395030733114047,0.6904194400467929,0.0030974958000886494,COMPLETE
55,0.9767736571012144,2023-09-04 02:59:28.496270,2023-09-04 03:03:51.211701,0 days 00:04:22.715431,0.0,4,31,500,86.36609220504761,1.1552069187164307,0.9767736571012144,0.9718457542365133,0.9785142563413969,0.979960960725733,1.65850230516695,0.04497668512726116,0.003534252243107092,COMPLETE
56,0.9761541032540474,2023-09-04 02:59:32.693585,2023-09-04 03:00:39.184184,0 days 00:01:06.490599,0.0,4,31,100,21.620856920878094,0.4919915994008382,0.9761541032540474,0.9723122148020684,0.9765103434529928,0.9796397515070812,1.5335490746648548,0.008654651353396008,0.003002041399929466,COMPLETE
57,0.9765654043504172,2023-09-04 03:00:21.708638,2023-09-04 03:07:03.492717,0 days 00:06:41.784079,0.0,6,31,500,132.11036547025046,1.758704423904419,0.9765654043504172,0.9722914540219676,0.9778706753666366,0.9795340836626474,3.579432197745751,0.8275341210641746,0.0030974958000886494,COMPLETE
58,0.9768664850832097,2023-09-04 03:00:39.190184,2023-09-04 03:04:23.881009,0 days 00:03:44.690825,0.0,3,31,500,73.351567029953,1.4943521817525227,0.9768664850832097,0.9707556818838805,0.979610494513564,0.9802332788521844,3.3542760150720325,0.35927438033616027,0.004328464076228876,COMPLETE
59,0.9765654043504172,2023-09-04 03:01:30.969796,2023-09-04 03:07:43.242243,0 days 00:06:12.272447,0.0,6,31,500,121.897079149882,2.138551712036133,0.9765654043504172,0.9722914540219676,0.9778706753666366,0.9795340836626474,3.468728414916597,0.724985368292616,0.0030974958000886494,COMPLETE
60,0.9765654043504172,2023-09-04 03:02:11.576451,2023-09-04 03:08:48.244556,0 days 00:06:36.668105,0.0,6,31,500,130.8185887336731,1.3485894997914631,0.9765654043504172,0.9722914540219676,0.9778706753666366,0.9795340836626474,0.9700728129111148,0.04412069911920531,0.0030974958000886494,COMPLETE
61,0.9765654043504172,2023-09-04 03:02:33.937009,2023-09-04 03:09:10.503527,0 days 00:06:36.566518,0.0,6,31,500,130.95551300048828,1.1816353797912598,0.9765654043504172,0.9722914540219676,0.9778706753666366,0.9795340836626474,1.521455959795045,0.04437727173283006,0.0030974958000886494,COMPLETE
62,0.9767736571012144,2023-09-04 03:02:42.734810,2023-09-04 03:07:00.691922,0 days 00:04:17.957112,0.0,4,31,500,84.75533270835876,1.1793415546417236,0.9767736571012144,0.9718457542365133,0.9785142563413969,0.979960960725733,1.6368717584421513,0.07719229476507926,0.003534252243107092,COMPLETE
63,0.9768664850832097,2023-09-04 03:03:51.217697,2023-09-04 03:07:13.568222,0 days 00:03:22.350525,0.0,3,31,500,66.25161735216777,1.143373727798462,0.9768664850832097,0.9707556818838805,0.979610494513564,0.9802332788521844,2.432624377302691,0.030099777648779504,0.004328464076228876,COMPLETE
64,0.9765654043504172,2023-09-04 03:04:23.895020,2023-09-04 03:10:53.487200,0 days 00:06:29.592180,0.0,6,31,500,128.5729706287384,1.2197330792744954,0.9765654043504172,0.9722914540219676,0.9778706753666366,0.9795340836626474,3.3592431537253162,0.05148348614119592,0.0030974958000886494,COMPLETE
65,0.9768664850832097,2023-09-04 03:05:35.227191,2023-09-04 03:08:59.554556,0 days 00:03:24.327365,0.0,3,31,500,66.9439103603363,1.1181880633036296,0.9768664850832097,0.9707556818838805,0.979610494513564,0.9802332788521844,1.4479554201712437,0.04669438839081122,0.004328464076228876,COMPLETE
66,0.9768664850832097,2023-09-04 03:07:00.703921,2023-09-04 03:10:24.068226,0 days 00:03:23.364305,0.0,3,31,500,66.59751494725545,1.1322214603424072,0.9768664850832097,0.9707556818838805,0.979610494513564,0.9802332788521844,1.5747335125327762,0.03747921605707781,0.004328464076228876,COMPLETE
67,0.9759603074162461,2023-09-04 03:07:03.496719,2023-09-04 03:14:29.426344,0 days 00:07:25.929625,0.0,7,31,500,147.17945297559103,1.4105699857076008,0.9759603074162461,0.9715766524792575,0.9772559427648281,0.9790483270046529,3.8171667173057817,0.14343862745185668,0.003184910597461304,COMPLETE
68,0.9768664850832097,2023-09-04 03:07:13.574221,2023-09-04 03:10:37.035252,0 days 00:03:23.461031,0.0,3,31,500,66.55306847890218,1.2174240748087566,0.9768664850832097,0.9707556818838805,0.979610494513564,0.9802332788521844,2.692194925516363,0.1199270260874257,0.004328464076228876,COMPLETE
69,0.9768664850832097,2023-09-04 03:07:43.252256,2023-09-04 03:11:09.883188,0 days 00:03:26.630932,0.0,3,31,500,67.50550397237141,1.315780480702718,0.9768664850832097,0.9707556818838805,0.979610494513564,0.9802332788521844,2.6666198223414512,0.1678049711202539,0.004328464076228876,COMPLETE
70,0.9768664850832097,2023-09-04 03:08:48.250549,2023-09-04 03:12:29.751243,0 days 00:03:41.500694,0.0,3,31,500,71.87498672803243,1.9008806546529133,0.9768664850832097,0.9707556818838805,0.979610494513564,0.9802332788521844,1.4605473072530473,0.47920219035304706,0.004328464076228876,COMPLETE
71,0.9768664850832097,2023-09-04 03:08:59.564557,2023-09-04 03:12:23.394741,0 days 00:03:23.830184,0.0,3,31,500,66.62896982828777,1.260543982187907,0.9768664850832097,0.9707556818838805,0.979610494513564,0.9802332788521844,1.2333158289020463,0.10373190246771635,0.004328464076228876,COMPLETE
