number,value,datetime_start,datetime_complete,duration,params_rf__ccp_alpha,params_rf__max_features,params_rf__min_samples_leaf,params_rf__n_estimators,user_attrs_mean_fit_time,user_attrs_mean_score_time,user_attrs_mean_test_score,user_attrs_split0_test_score,user_attrs_split1_test_score,user_attrs_split2_test_score,user_attrs_std_fit_time,user_attrs_std_score_time,user_attrs_std_test_score,state
145,0.9771385072598654,2023-09-04 03:48:17.906044,2023-09-04 03:52:47.379312,0 days 00:04:29.473268,0.0,4,41,500,88.13742423057556,1.6199703216552734,0.9771385072598654,0.9716518117591162,0.9789863206260621,0.980777389394418,1.9834134959807026,0.5050724823613427,0.003947982815877965,COMPLETE
146,0.9771385072598654,2023-09-04 03:48:29.383345,2023-09-04 03:52:56.057690,0 days 00:04:26.674345,0.0,4,41,500,87.58716956774394,1.2389196554819744,0.9771385072598654,0.9716518117591162,0.9789863206260621,0.980777389394418,2.0637175824921585,0.03974271702666693,0.003947982815877965,COMPLETE
147,0.9771385072598654,2023-09-04 03:48:55.647930,2023-09-04 03:53:22.965714,0 days 00:04:27.317784,0.0,4,41,500,87.86884196599324,1.1753926277160645,0.9771385072598654,0.9716518117591162,0.9789863206260621,0.980777389394418,2.3993972939812402,0.005726796496128406,0.003947982815877965,COMPLETE
148,0.9771385072598654,2023-09-04 03:49:05.947839,2023-09-04 03:53:13.507185,0 days 00:04:07.559346,0.0,4,41,500,81.34411422411601,1.1153570016225178,0.9771385072598654,0.9716518117591162,0.9789863206260621,0.980777389394418,2.3564103184733614,0.022405733637784572,0.003947982815877965,COMPLETE
149,0.9771385072598654,2023-09-04 03:51:09.400184,2023-09-04 03:55:17.041173,0 days 00:04:07.640989,0.0,4,41,500,81.39863133430481,1.0893433094024658,0.9771385072598654,0.9716518117591162,0.9789863206260621,0.980777389394418,1.9238633057727637,0.027986588511519254,0.003947982815877965,COMPLETE
150,0.9771385072598654,2023-09-04 03:51:41.414282,2023-09-04 03:55:48.636980,0 days 00:04:07.222698,0.0,4,41,500,81.09792057673137,1.2509567737579346,0.9771385072598654,0.9716518117591162,0.9789863206260621,0.980777389394418,1.6398448247425776,0.13871763735483372,0.003947982815877965,COMPLETE
151,0.9771385072598654,2023-09-04 03:51:58.801905,2023-09-04 03:56:05.664607,0 days 00:04:06.862702,0.0,4,41,500,81.1348488330841,1.092692534128825,0.9771385072598654,0.9716518117591162,0.9789863206260621,0.980777389394418,1.9220638814174638,0.02365352416727083,0.003947982815877965,COMPLETE
152,0.9771385072598654,2023-09-04 03:52:03.670377,2023-09-04 03:56:28.692095,0 days 00:04:25.021718,0.0,4,41,500,87.06630484263103,1.2177335421244304,0.9771385072598654,0.9716518117591162,0.9789863206260621,0.980777389394418,2.0582462725522506,0.06615057866356495,0.003947982815877965,COMPLETE
153,0.9771385072598654,2023-09-04 03:52:47.389307,2023-09-04 03:57:12.504177,0 days 00:04:25.114870,0.0,4,41,500,86.74904497464497,1.5625427563985188,0.9771385072598654,0.9716518117591162,0.9789863206260621,0.980777389394418,2.689951392789626,0.46330414732812875,0.003947982815877965,COMPLETE
154,0.9771385072598654,2023-09-04 03:52:56.066692,2023-09-04 03:57:22.698015,0 days 00:04:26.631323,0.0,4,41,500,86.7059399286906,2.1061390240987143,0.9771385072598654,0.9716518117591162,0.9789863206260621,0.980777389394418,2.2890253156306333,0.764951616418523,0.003947982815877965,COMPLETE
155,0.9771385072598654,2023-09-04 03:53:13.514183,2023-09-04 03:57:21.533606,0 days 00:04:08.019423,0.0,4,41,500,81.4760639667511,1.141385793685913,0.9771385072598654,0.9716518117591162,0.9789863206260621,0.980777389394418,2.0887286281464563,0.0902427181646113,0.003947982815877965,COMPLETE
156,0.9771385072598654,2023-09-04 03:53:22.976716,2023-09-04 03:57:47.105688,0 days 00:04:24.128972,0.0,4,41,500,86.79121510187785,1.1830779711405437,0.9771385072598654,0.9716518117591162,0.9789863206260621,0.980777389394418,2.5892036941629772,0.017963843756080983,0.003947982815877965,COMPLETE
157,0.9771385072598654,2023-09-04 03:55:17.046170,2023-09-04 03:59:25.258628,0 days 00:04:08.212458,0.0,4,41,500,81.33772802352905,1.3390658696492512,0.9771385072598654,0.9716518117591162,0.9789863206260621,0.980777389394418,1.152812482753261,0.3064717067752907,0.003947982815877965,COMPLETE
158,0.9771385072598654,2023-09-04 03:55:48.646983,2023-09-04 03:59:57.810309,0 days 00:04:09.163326,0.0,4,41,500,81.83285578091939,1.1602303981781006,0.9771385072598654,0.9716518117591162,0.9789863206260621,0.980777389394418,1.9267294700442434,0.039921629568472713,0.003947982815877965,COMPLETE
159,0.9771385072598654,2023-09-04 03:56:05.672604,2023-09-04 04:00:17.194677,0 days 00:04:11.522073,0.0,4,41,500,82.45864057540894,1.3233598073323567,0.9771385072598654,0.9716518117591162,0.9789863206260621,0.980777389394418,2.670613591072382,0.26706500685522944,0.003947982815877965,COMPLETE
160,0.9771385072598654,2023-09-04 03:56:28.698097,2023-09-04 04:00:57.176175,0 days 00:04:28.478078,0.0,4,41,500,88.19360168774922,1.231890598932902,0.9771385072598654,0.9716518117591162,0.9789863206260621,0.980777389394418,3.989418649059343,0.13255792329472318,0.003947982815877965,COMPLETE
161,0.9771385072598654,2023-09-04 03:57:12.515181,2023-09-04 04:01:47.598024,0 days 00:04:35.082843,0.0,4,41,500,89.98618133862813,1.6447420120239258,0.9771385072598654,0.9716518117591162,0.9789863206260621,0.980777389394418,5.0586129154816915,0.539978511197139,0.003947982815877965,COMPLETE
162,0.9771385072598654,2023-09-04 03:57:21.542142,2023-09-04 04:01:33.941269,0 days 00:04:12.399127,0.0,4,41,500,82.28595654169719,1.7825647195180256,0.9771385072598654,0.9716518117591162,0.9789863206260621,0.980777389394418,2.131956195032868,0.979353464298088,0.003947982815877965,COMPLETE
163,0.9760432510874906,2023-09-04 03:57:22.704015,2023-09-04 04:05:00.399490,0 days 00:07:37.695475,0.0,7,41,500,151.2281347910563,1.233149766921997,0.9760432510874906,0.9710166370059066,0.9775842897006063,0.979528826555959,11.089890369339383,0.05061968936501092,0.003641926480984154,COMPLETE
164,0.9738217774026753,2023-09-04 03:57:47.114681,2023-09-04 04:03:33.044809,0 days 00:05:45.930128,0.0,4,1,500,113.72451559702556,1.5126609007517497,0.9738217774026753,0.9710479095734001,0.9752675030946437,0.9751499195399821,7.074245517464127,0.21663518196625867,0.001962008074023062,COMPLETE
165,0.9738217774026753,2023-09-04 03:59:25.264627,2023-09-04 04:04:45.709925,0 days 00:05:20.445298,0.0,4,1,500,105.44480315844218,1.2949174245198567,0.9738217774026753,0.9710479095734001,0.9752675030946437,0.9751499195399821,3.9682203440998873,0.10300480826383682,0.001962008074023062,COMPLETE
166,0.9760432510874906,2023-09-04 03:59:57.816303,2023-09-04 04:06:54.729201,0 days 00:06:56.912898,0.0,7,41,500,136.75860357284546,2.139335552851359,0.9760432510874906,0.9710166370059066,0.9775842897006063,0.979528826555959,2.734908330346569,0.7184945787699342,0.003641926480984154,COMPLETE
167,0.9771385072598654,2023-09-04 04:00:17.204202,2023-09-04 04:04:31.153690,0 days 00:04:13.949488,0.0,4,41,500,83.35184955596924,1.2322906653086345,0.9771385072598654,0.9716518117591162,0.9789863206260621,0.980777389394418,2.304474146140767,0.06508189183659237,0.003947982815877965,COMPLETE
168,0.9738217774026753,2023-09-04 04:00:57.185177,2023-09-04 04:06:51.478845,0 days 00:05:54.293668,0.0,4,1,500,116.70538934071858,1.3191448052724202,0.9738217774026753,0.9710479095734001,0.9752675030946437,0.9751499195399821,5.91735160158188,0.06265548902599108,0.001962008074023062,COMPLETE
169,0.9771385072598654,2023-09-04 04:01:33.962269,2023-09-04 04:05:52.094940,0 days 00:04:18.132671,0.0,4,41,500,84.15799832344055,1.800028403600057,0.9771385072598654,0.9716518117591162,0.9789863206260621,0.980777389394418,3.407512594131588,0.5300850751699184,0.003947982815877965,COMPLETE
170,0.9760432510874906,2023-09-04 04:01:47.606024,2023-09-04 04:09:22.079230,0 days 00:07:34.473206,0.0,7,41,500,149.57195727030435,1.8427495161692302,0.9760432510874906,0.9710166370059066,0.9775842897006063,0.979528826555959,3.419991576222724,0.8716610741566805,0.003641926480984154,COMPLETE
171,0.9771385072598654,2023-09-04 04:03:33.054822,2023-09-04 04:08:10.554012,0 days 00:04:37.499190,0.0,4,41,500,91.20360398292542,1.2254451115926106,0.9771385072598654,0.9716518117591162,0.9789863206260621,0.980777389394418,3.488374008019323,0.018012052677894252,0.003947982815877965,COMPLETE
172,0.9771385072598654,2023-09-04 04:04:31.160694,2023-09-04 04:08:41.357986,0 days 00:04:10.197292,0.0,4,41,500,81.95887589454651,1.3735295136769612,0.9771385072598654,0.9716518117591162,0.9789863206260621,0.980777389394418,0.3080630684590356,0.41701020717001763,0.003947982815877965,COMPLETE
173,0.9760432510874906,2023-09-04 04:04:45.724927,2023-09-04 04:11:33.186941,0 days 00:06:47.462014,0.0,7,41,500,133.76490569114685,1.98273770014445,0.9760432510874906,0.9710166370059066,0.9775842897006063,0.979528826555959,3.592231148690751,1.2542702845537397,0.003641926480984154,COMPLETE
174,0.9771385072598654,2023-09-04 04:05:00.407026,2023-09-04 04:09:27.204690,0 days 00:04:26.797664,0.0,4,41,500,87.61650029818217,1.2038971583048503,0.9771385072598654,0.9716518117591162,0.9789863206260621,0.980777389394418,1.896369328587425,0.05142869054895212,0.003947982815877965,COMPLETE
175,0.9771385072598654,2023-09-04 04:05:52.104948,2023-09-04 04:09:57.423598,0 days 00:04:05.318650,0.0,4,41,500,80.63118696212769,1.0863413016001384,0.9771385072598654,0.9716518117591162,0.9789863206260621,0.980777389394418,1.5972590800177453,0.05977970090446517,0.003947982815877965,COMPLETE
176,0.9771385072598654,2023-09-04 04:06:51.488845,2023-09-04 04:11:20.675645,0 days 00:04:29.186800,0.0,4,41,500,87.87976733843486,1.7688059012095134,0.9771385072598654,0.9716518117591162,0.9789863206260621,0.980777389394418,2.467819007557812,0.49564881284244067,0.003947982815877965,COMPLETE
177,0.9732890651538323,2023-09-04 04:06:54.736222,2023-09-04 04:11:04.350315,0 days 00:04:09.614093,0.0075,4,41,500,81.93085543314616,1.2144910494486492,0.9732890651538323,0.9659312970599582,0.9776217925854437,0.9763141058160949,2.1117612677558775,0.5103700106820929,0.0052300461861635615,COMPLETE
178,0.9771385072598654,2023-09-04 04:08:10.567035,2023-09-04 04:12:37.766381,0 days 00:04:27.199346,0.0,4,41,500,87.791801293691,1.2144540945688884,0.9771385072598654,0.9716518117591162,0.9789863206260621,0.980777389394418,2.044445645708551,0.010046020579890194,0.003947982815877965,COMPLETE
179,0.9771385072598654,2023-09-04 04:08:41.367983,2023-09-04 04:12:50.203182,0 days 00:04:08.835199,0.0,4,41,500,81.78350853919983,1.1038594245910645,0.9771385072598654,0.9716518117591162,0.9789863206260621,0.980777389394418,1.6651582448812503,0.010596385581426284,0.003947982815877965,COMPLETE
180,0.9771385072598654,2023-09-04 04:09:22.085228,2023-09-04 04:13:50.989664,0 days 00:04:28.904436,0.0,4,41,500,87.7484724521637,1.816644509633382,0.9771385072598654,0.9716518117591162,0.9789863206260621,0.980777389394418,2.042289856901951,0.7375156276405568,0.003947982815877965,COMPLETE
181,0.9771385072598654,2023-09-04 04:09:27.214693,2023-09-04 04:13:54.093038,0 days 00:04:26.878345,0.0,4,41,500,87.40949026743571,1.491773287455241,0.9771385072598654,0.9716518117591162,0.9789863206260621,0.980777389394418,2.150425731477211,0.47361666952167264,0.003947982815877965,COMPLETE
182,0.9771385072598654,2023-09-04 04:09:57.431599,2023-09-04 04:14:06.510984,0 days 00:04:09.079385,0.0,4,41,500,81.1346305211385,1.8309856255849202,0.9771385072598654,0.9716518117591162,0.9789863206260621,0.980777389394418,1.5193855958967943,0.5868325787678649,0.003947982815877965,COMPLETE
183,0.9771385072598654,2023-09-04 04:11:04.361313,2023-09-04 04:15:13.035732,0 days 00:04:08.674419,0.0,4,41,500,81.23710640271504,1.5890024503072102,0.9771385072598654,0.9716518117591162,0.9789863206260621,0.980777389394418,1.9026424288381572,0.6289992606196586,0.003947982815877965,COMPLETE
184,0.9771385072598654,2023-09-04 04:11:20.681640,2023-09-04 04:15:48.682082,0 days 00:04:28.000442,0.0,4,41,500,88.02007182439168,1.2470495700836182,0.9771385072598654,0.9716518117591162,0.9789863206260621,0.980777389394418,3.265296090127342,0.05625456006092834,0.003947982815877965,COMPLETE
185,0.9771385072598654,2023-09-04 04:11:33.193942,2023-09-04 04:15:42.634489,0 days 00:04:09.440547,0.0,4,41,500,81.34750556945801,1.7344783147176106,0.9771385072598654,0.9716518117591162,0.9789863206260621,0.980777389394418,2.7011049435157686,0.436814424102458,0.003947982815877965,COMPLETE
186,0.9771385072598654,2023-09-04 04:12:37.771908,2023-09-04 04:17:07.506299,0 days 00:04:29.734391,0.0,4,41,500,88.54376697540283,1.3086632092793782,0.9771385072598654,0.9716518117591162,0.9789863206260621,0.980777389394418,2.987384130540547,0.10040776034279407,0.003947982815877965,COMPLETE
187,0.9771385072598654,2023-09-04 04:12:50.214186,2023-09-04 04:17:00.678891,0 days 00:04:10.464705,0.0,4,41,500,82.08091314633687,1.3524755636850994,0.9771385072598654,0.9716518117591162,0.9789863206260621,0.980777389394418,2.9858370400833403,0.06272576367757036,0.003947982815877965,COMPLETE
188,0.9771385072598654,2023-09-04 04:13:50.996188,2023-09-04 04:18:19.586886,0 days 00:04:28.590698,0.0,4,41,500,88.0190224647522,1.4513657887776692,0.9771385072598654,0.9716518117591162,0.9789863206260621,0.980777389394418,2.830162539722183,0.10214144336663544,0.003947982815877965,COMPLETE
189,0.9771385072598654,2023-09-04 04:13:54.100564,2023-09-04 04:18:24.482158,0 days 00:04:30.381594,0.0,4,41,500,87.91310135523479,2.1519214312235513,0.9771385072598654,0.9716518117591162,0.9789863206260621,0.980777389394418,1.8633680344948251,0.6783517354503361,0.003947982815877965,COMPLETE
190,0.9771385072598654,2023-09-04 04:14:06.518988,2023-09-04 04:18:14.759054,0 days 00:04:08.240066,0.0,4,41,500,81.22660072644551,1.4625741640726726,0.9771385072598654,0.9716518117591162,0.9789863206260621,0.980777389394418,1.7740196467605462,0.5108745651968243,0.003947982815877965,COMPLETE
191,0.9771385072598654,2023-09-04 04:15:13.045738,2023-09-04 04:19:22.072382,0 days 00:04:09.026644,0.0,4,41,500,81.84185655911763,1.1028409004211426,0.9771385072598654,0.9716518117591162,0.9789863206260621,0.980777389394418,1.4310164780737709,0.03999073522726998,0.003947982815877965,COMPLETE
192,0.9771385072598654,2023-09-04 04:15:42.642484,2023-09-04 04:19:53.841854,0 days 00:04:11.199370,0.0,4,41,500,81.40754493077596,2.260063807169596,0.9771385072598654,0.9716518117591162,0.9789863206260621,0.980777389394418,1.6859602902571402,0.3133848200361913,0.003947982815877965,COMPLETE
193,0.9771385072598654,2023-09-04 04:15:48.694080,2023-09-04 04:20:14.401260,0 days 00:04:25.707180,0.0,4,41,500,87.29939635594685,1.20964511235555,0.9771385072598654,0.9716518117591162,0.9789863206260621,0.980777389394418,0.8415832289625196,0.04177147101854862,0.003947982815877965,COMPLETE
194,0.9771385072598654,2023-09-04 04:17:00.690894,2023-09-04 04:21:00.872671,0 days 00:04:00.181777,0.0,4,41,500,78.79076743125916,1.1904625097910564,0.9771385072598654,0.9716518117591162,0.9789863206260621,0.980777389394418,2.9755968706401523,0.10900234188785013,0.003947982815877965,COMPLETE
195,0.9771385072598654,2023-09-04 04:17:07.517301,2023-09-04 04:21:14.830604,0 days 00:04:07.313303,0.0,4,41,500,81.32370591163635,1.0450409253438313,0.9771385072598654,0.9716518117591162,0.9789863206260621,0.980777389394418,7.001968594563297,0.14631587612413097,0.003947982815877965,COMPLETE
196,0.9771385072598654,2023-09-04 04:18:14.767059,2023-09-04 04:21:57.068295,0 days 00:03:42.301236,0.0,4,41,500,73.02518653869629,1.0107134977976482,0.9771385072598654,0.9716518117591162,0.9789863206260621,0.980777389394418,5.613754161900987,0.1764204532916852,0.003947982815877965,COMPLETE
197,0.9771385072598654,2023-09-04 04:18:19.592410,2023-09-04 04:22:05.576701,0 days 00:03:45.984291,0.0,4,41,500,74.12753597895305,1.1134071350097656,0.9771385072598654,0.9716518117591162,0.9789863206260621,0.980777389394418,9.525576700373549,0.4722136251681694,0.003947982815877965,COMPLETE
198,0.9771385072598654,2023-09-04 04:18:24.488158,2023-09-04 04:22:07.841406,0 days 00:03:43.353248,0.0,4,41,500,73.33156236012776,1.0554998715718586,0.9771385072598654,0.9716518117591162,0.9789863206260621,0.980777389394418,9.36672875673216,0.4399271739169305,0.003947982815877965,COMPLETE
199,0.9771385072598654,2023-09-04 04:19:22.079381,2023-09-04 04:22:39.073244,0 days 00:03:16.993863,0.0,4,41,500,64.83208012580872,0.7652068138122559,0.9771385072598654,0.9716518117591162,0.9789863206260621,0.980777389394418,7.902284993120248,0.14588024050642134,0.003947982815877965,COMPLETE
